Copyright 1986-2022 Xilinx, Inc. All Rights Reserved. Copyright 2022-2024 Advanced Micro Devices, Inc. All Rights Reserved.
---------------------------------------------------------------------------------------------------------------------------------------------
| Tool Version : Vivado v.2024.1 (win64) Build 5076996 Wed May 22 18:37:14 MDT 2024
| Date         : Mon Mar 24 17:41:25 2025
| Host         : GCP-E105-22 running 64-bit major release  (build 9200)
| Command      : report_drc -file inter_spartan_drc_opted.rpt -pb inter_spartan_drc_opted.pb -rpx inter_spartan_drc_opted.rpx
| Design       : inter_spartan
| Device       : xc7z020clg400-1
| Speed File   : -1
| Design State : Synthesized
---------------------------------------------------------------------------------------------------------------------------------------------

Report DRC

Table of Contents
-----------------
1. REPORT SUMMARY
2. REPORT DETAILS

1. REPORT SUMMARY
-----------------
            Netlist: netlist
          Floorplan: design_1
      Design limits: <entire design considered>
           Ruledeck: default
             Max violations: <unlimited>
             Violations found: 1
+--------+----------+--------------------+------------+
| Rule   | Severity | Description        | Violations |
+--------+----------+--------------------+------------+
| ZPS7-1 | Warning  | PS7 block required | 1          |
+--------+----------+--------------------+------------+

2. REPORT DETAILS
-----------------
ZPS7-1#1 Warning
PS7 block required  
The PS7 cell must be used in this Zynq design in order to enable correct default configuration.
Related violations: <none>


