
*** Running vivado
    with args -log inter_spartan.vdi -applog -m64 -product Vivado -messageDb vivado.pb -mode batch -source inter_spartan.tcl -notrace



****** Vivado v2024.1 (64-bit)
  **** SW Build 5076996 on Wed May 22 18:37:14 MDT 2024
  **** IP Build 5075265 on Wed May 22 21:45:21 MDT 2024
  **** SharedData Build 5076995 on Wed May 22 18:29:18 MDT 2024
  **** Start of session at: Mon Mar 24 17:40:34 2025
    ** Copyright 1986-2022 Xilinx, Inc. All Rights Reserved.
    ** Copyright 2022-2024 Advanced Micro Devices, Inc. All Rights Reserved.

source inter_spartan.tcl -notrace
create_project: Time (s): cpu = 00:00:05 ; elapsed = 00:00:06 . Memory (MB): peak = 489.551 ; gain = 200.473
Command: link_design -top inter_spartan -part xc7z020clg400-1
Design is defaulting to srcset: sources_1
Design is defaulting to constrset: constrs_1
INFO: [Device 21-403] Loading part xc7z020clg400-1
INFO: [Device 21-9227] Part: xc7z020clg400-1 does not have CEAM library.
INFO: [Project 1-454] Reading design checkpoint 'c:/Users/eleves/Desktop/FINALLLL/FPGA_Emilie_uart_ascon_light_el_test/uart_ascon_light_el.gen/sources_1/ip/clk_wiz_0/clk_wiz_0.dcp' for cell 'clock_converter'
INFO: [Project 1-454] Reading design checkpoint 'c:/Users/eleves/Desktop/FINALLLL/FPGA_Emilie_uart_ascon_light_el_test/uart_ascon_light_el.gen/sources_1/ip/ila_uart/ila_uart.dcp' for cell 'ascon_top_0/u_ascon/U3/your_instance_name'
Netlist sorting complete. Time (s): cpu = 00:00:00 ; elapsed = 00:00:00.209 . Memory (MB): peak = 1012.566 ; gain = 0.000
INFO: [Netlist 29-17] Analyzing 887 Unisim elements for replacement
INFO: [Netlist 29-28] Unisim Transformation completed in 0 CPU seconds
INFO: [Project 1-479] Netlist was created with Vivado 2024.1
INFO: [Project 1-570] Preparing netlist for logic optimization
INFO: [Chipscope 16-324] Core: ascon_top_0/u_ascon/U3/your_instance_name UUID: 9f1cf733-7a5d-527b-a454-16775986cc9d 
Parsing XDC File [c:/Users/eleves/Desktop/FINALLLL/FPGA_Emilie_uart_ascon_light_el_test/uart_ascon_light_el.gen/sources_1/ip/ila_uart/ila_v6_2/constraints/ila_impl.xdc] for cell 'ascon_top_0/u_ascon/U3/your_instance_name/inst'
Finished Parsing XDC File [c:/Users/eleves/Desktop/FINALLLL/FPGA_Emilie_uart_ascon_light_el_test/uart_ascon_light_el.gen/sources_1/ip/ila_uart/ila_v6_2/constraints/ila_impl.xdc] for cell 'ascon_top_0/u_ascon/U3/your_instance_name/inst'
Parsing XDC File [c:/Users/eleves/Desktop/FINALLLL/FPGA_Emilie_uart_ascon_light_el_test/uart_ascon_light_el.gen/sources_1/ip/ila_uart/ila_v6_2/constraints/ila.xdc] for cell 'ascon_top_0/u_ascon/U3/your_instance_name/inst'
Finished Parsing XDC File [c:/Users/eleves/Desktop/FINALLLL/FPGA_Emilie_uart_ascon_light_el_test/uart_ascon_light_el.gen/sources_1/ip/ila_uart/ila_v6_2/constraints/ila.xdc] for cell 'ascon_top_0/u_ascon/U3/your_instance_name/inst'
Parsing XDC File [c:/Users/eleves/Desktop/FINALLLL/FPGA_Emilie_uart_ascon_light_el_test/uart_ascon_light_el.gen/sources_1/ip/clk_wiz_0/clk_wiz_0_board.xdc] for cell 'clock_converter/inst'
Finished Parsing XDC File [c:/Users/eleves/Desktop/FINALLLL/FPGA_Emilie_uart_ascon_light_el_test/uart_ascon_light_el.gen/sources_1/ip/clk_wiz_0/clk_wiz_0_board.xdc] for cell 'clock_converter/inst'
Parsing XDC File [c:/Users/eleves/Desktop/FINALLLL/FPGA_Emilie_uart_ascon_light_el_test/uart_ascon_light_el.gen/sources_1/ip/clk_wiz_0/clk_wiz_0.xdc] for cell 'clock_converter/inst'
INFO: [Timing 38-35] Done setting XDC timing constraints. [c:/Users/eleves/Desktop/FINALLLL/FPGA_Emilie_uart_ascon_light_el_test/uart_ascon_light_el.gen/sources_1/ip/clk_wiz_0/clk_wiz_0.xdc:54]
INFO: [Timing 38-2] Deriving generated clocks [c:/Users/eleves/Desktop/FINALLLL/FPGA_Emilie_uart_ascon_light_el_test/uart_ascon_light_el.gen/sources_1/ip/clk_wiz_0/clk_wiz_0.xdc:54]
get_clocks: Time (s): cpu = 00:00:05 ; elapsed = 00:00:05 . Memory (MB): peak = 1755.656 ; gain = 581.871
Finished Parsing XDC File [c:/Users/eleves/Desktop/FINALLLL/FPGA_Emilie_uart_ascon_light_el_test/uart_ascon_light_el.gen/sources_1/ip/clk_wiz_0/clk_wiz_0.xdc] for cell 'clock_converter/inst'
Parsing XDC File [C:/Users/eleves/Desktop/FINALLLL/FPGA_Emilie_uart_ascon_light_el_test/uart_ascon_light_el.srcs/constrs_1/imports/new/uart_test.xdc]
WARNING: [Vivado 12-507] No nets matched 'clock_i_IBUF_BUFG'. [C:/Users/eleves/Desktop/FINALLLL/FPGA_Emilie_uart_ascon_light_el_test/uart_ascon_light_el.srcs/constrs_1/imports/new/uart_test.xdc:29]
CRITICAL WARNING: [Vivado 12-1419] Debug core 'u_ila_0' was not found. [C:/Users/eleves/Desktop/FINALLLL/FPGA_Emilie_uart_ascon_light_el_test/uart_ascon_light_el.srcs/constrs_1/imports/new/uart_test.xdc:29]
WARNING: [Vivado 12-507] No nets matched 'clock_i_IBUF_BUFG'. [C:/Users/eleves/Desktop/FINALLLL/FPGA_Emilie_uart_ascon_light_el_test/uart_ascon_light_el.srcs/constrs_1/imports/new/uart_test.xdc:30]
CRITICAL WARNING: [Common 17-162] Invalid option value specified for '-nets'. [C:/Users/eleves/Desktop/FINALLLL/FPGA_Emilie_uart_ascon_light_el_test/uart_ascon_light_el.srcs/constrs_1/imports/new/uart_test.xdc:30]
Finished Parsing XDC File [C:/Users/eleves/Desktop/FINALLLL/FPGA_Emilie_uart_ascon_light_el_test/uart_ascon_light_el.srcs/constrs_1/imports/new/uart_test.xdc]
INFO: [Opt 31-138] Pushed 0 inverter(s) to 0 load pin(s).
INFO: [Project 1-1687] 2 scoped IP constraints or related sub-commands were skipped due to synthesis logic optimizations usually triggered by constant connectivity or unconnected output pins. To review the skipped constraints and messages, run the command 'set_param netlist.IPMsgFiltering false' before opening the design.
Netlist sorting complete. Time (s): cpu = 00:00:00 ; elapsed = 00:00:00.004 . Memory (MB): peak = 1755.656 ; gain = 0.000
INFO: [Project 1-111] Unisim Transformation Summary:
  A total of 424 instances were transformed.
  CFGLUT5 => CFGLUT5 (SRL16E, SRLC32E): 424 instances

14 Infos, 2 Warnings, 2 Critical Warnings and 0 Errors encountered.
link_design completed successfully
link_design: Time (s): cpu = 00:00:15 ; elapsed = 00:00:16 . Memory (MB): peak = 1755.656 ; gain = 1219.141
Command: opt_design
Attempting to get a license for feature 'Implementation' and/or device 'xc7z020'
INFO: [Common 17-349] Got license for feature 'Implementation' and/or device 'xc7z020'
Running DRC as a precondition to command opt_design

Starting DRC Task
INFO: [DRC 23-27] Running DRC with 2 threads
INFO: [Project 1-461] DRC finished with 0 Errors
INFO: [Project 1-462] Please refer to the DRC report (report_drc) for more information.

Time (s): cpu = 00:00:02 ; elapsed = 00:00:00.757 . Memory (MB): peak = 1755.656 ; gain = 0.000

Starting Cache Timing Information Task
INFO: [Timing 38-35] Done setting XDC timing constraints.
Ending Cache Timing Information Task | Checksum: 1814ef21e

Time (s): cpu = 00:00:00 ; elapsed = 00:00:00.365 . Memory (MB): peak = 1776.203 ; gain = 20.547

Starting Logic Optimization Task

Phase 1 Initialization

Phase 1.1 Core Generation And Design Setup

Phase 1.1.1 Generate And Synthesize Debug Cores
INFO: [Chipscope 16-329] Generating Script for core instance : dbg_hub 
INFO: [IP_Flow 19-3806] Processing IP xilinx.com:ip:xsdbm:3.0 for cell dbg_hub_CV.
INFO: [Chipscope 16-469] Using cached IP synthesis design for IP xilinx.com:ip:xsdbm:3.0, cache-ID = 430062fdb361fbe4.
Done building netlist checker database: Time (s): cpu = 00:00:00 ; elapsed = 00:00:00.007 . Memory (MB): peak = 2180.500 ; gain = 0.000
Netlist sorting complete. Time (s): cpu = 00:00:00 ; elapsed = 00:00:00.026 . Memory (MB): peak = 2180.500 ; gain = 0.000
Phase 1.1.1 Generate And Synthesize Debug Cores | Checksum: 16ecb9580

Time (s): cpu = 00:00:02 ; elapsed = 00:00:17 . Memory (MB): peak = 2180.500 ; gain = 21.309
Phase 1.1 Core Generation And Design Setup | Checksum: 16ecb9580

Time (s): cpu = 00:00:02 ; elapsed = 00:00:17 . Memory (MB): peak = 2180.500 ; gain = 21.309

Phase 1.2 Setup Constraints And Sort Netlist
Phase 1.2 Setup Constraints And Sort Netlist | Checksum: 16ecb9580

Time (s): cpu = 00:00:02 ; elapsed = 00:00:17 . Memory (MB): peak = 2180.500 ; gain = 21.309
Phase 1 Initialization | Checksum: 16ecb9580

Time (s): cpu = 00:00:02 ; elapsed = 00:00:17 . Memory (MB): peak = 2180.500 ; gain = 21.309

Phase 2 Timer Update And Timing Data Collection

Phase 2.1 Timer Update
Phase 2.1 Timer Update | Checksum: 16ecb9580

Time (s): cpu = 00:00:03 ; elapsed = 00:00:17 . Memory (MB): peak = 2180.500 ; gain = 21.309

Phase 2.2 Timing Data Collection
Phase 2.2 Timing Data Collection | Checksum: 16ecb9580

Time (s): cpu = 00:00:03 ; elapsed = 00:00:17 . Memory (MB): peak = 2180.500 ; gain = 21.309
Phase 2 Timer Update And Timing Data Collection | Checksum: 16ecb9580

Time (s): cpu = 00:00:03 ; elapsed = 00:00:17 . Memory (MB): peak = 2180.500 ; gain = 21.309

Phase 3 Retarget
INFO: [Opt 31-1834] Total Chains To Be Transformed Were: 0 AND Number of Transformed insts Created are: 0
INFO: [Opt 31-1566] Pulled 3 inverters resulting in an inversion of 41 pins
INFO: [Opt 31-138] Pushed 1 inverter(s) to 1 load pin(s).
INFO: [Opt 31-49] Retargeted 0 cell(s).
Phase 3 Retarget | Checksum: 1278e55ea

Time (s): cpu = 00:00:03 ; elapsed = 00:00:18 . Memory (MB): peak = 2180.500 ; gain = 21.309
Retarget | Checksum: 1278e55ea
INFO: [Opt 31-389] Phase Retarget created 6 cells and removed 43 cells
INFO: [Opt 31-1021] In phase Retarget, 66 netlist objects are constrained preventing optimization. Please run opt_design with -debug_log to get more detail. 

Phase 4 Constant propagation
INFO: [Opt 31-138] Pushed 0 inverter(s) to 0 load pin(s).
Phase 4 Constant propagation | Checksum: e7ca5184

Time (s): cpu = 00:00:03 ; elapsed = 00:00:18 . Memory (MB): peak = 2180.500 ; gain = 21.309
Constant propagation | Checksum: e7ca5184
INFO: [Opt 31-389] Phase Constant propagation created 0 cells and removed 16 cells
INFO: [Opt 31-1021] In phase Constant propagation, 49 netlist objects are constrained preventing optimization. Please run opt_design with -debug_log to get more detail. 

Phase 5 Sweep
Phase 5 Sweep | Checksum: 123b6309a

Time (s): cpu = 00:00:03 ; elapsed = 00:00:18 . Memory (MB): peak = 2180.500 ; gain = 21.309
Sweep | Checksum: 123b6309a
INFO: [Opt 31-389] Phase Sweep created 1 cells and removed 46 cells
INFO: [Opt 31-1021] In phase Sweep, 1631 netlist objects are constrained preventing optimization. Please run opt_design with -debug_log to get more detail. 

Phase 6 BUFG optimization
Phase 6 BUFG optimization | Checksum: 123b6309a

Time (s): cpu = 00:00:04 ; elapsed = 00:00:18 . Memory (MB): peak = 2180.500 ; gain = 21.309
BUFG optimization | Checksum: 123b6309a
INFO: [Opt 31-662] Phase BUFG optimization created 0 cells of which 0 are BUFGs and removed 0 cells.

Phase 7 Shift Register Optimization
INFO: [Opt 31-1064] SRL Remap converted 0 SRLs to 0 registers and converted 0 registers of register chains to 0 SRLs
Phase 7 Shift Register Optimization | Checksum: 123b6309a

Time (s): cpu = 00:00:04 ; elapsed = 00:00:18 . Memory (MB): peak = 2180.500 ; gain = 21.309
Shift Register Optimization | Checksum: 123b6309a
INFO: [Opt 31-389] Phase Shift Register Optimization created 0 cells and removed 0 cells

Phase 8 Post Processing Netlist
Phase 8 Post Processing Netlist | Checksum: 123b6309a

Time (s): cpu = 00:00:04 ; elapsed = 00:00:18 . Memory (MB): peak = 2180.500 ; gain = 21.309
Post Processing Netlist | Checksum: 123b6309a
INFO: [Opt 31-389] Phase Post Processing Netlist created 0 cells and removed 0 cells
INFO: [Opt 31-1021] In phase Post Processing Netlist, 57 netlist objects are constrained preventing optimization. Please run opt_design with -debug_log to get more detail. 

Phase 9 Finalization

Phase 9.1 Finalizing Design Cores and Updating Shapes
Phase 9.1 Finalizing Design Cores and Updating Shapes | Checksum: 12c54e859

Time (s): cpu = 00:00:04 ; elapsed = 00:00:18 . Memory (MB): peak = 2180.500 ; gain = 21.309

Phase 9.2 Verifying Netlist Connectivity

Starting Connectivity Check Task

Time (s): cpu = 00:00:00 ; elapsed = 00:00:00.014 . Memory (MB): peak = 2180.500 ; gain = 0.000
Phase 9.2 Verifying Netlist Connectivity | Checksum: 12c54e859

Time (s): cpu = 00:00:04 ; elapsed = 00:00:18 . Memory (MB): peak = 2180.500 ; gain = 21.309
Phase 9 Finalization | Checksum: 12c54e859

Time (s): cpu = 00:00:04 ; elapsed = 00:00:18 . Memory (MB): peak = 2180.500 ; gain = 21.309
Opt_design Change Summary
=========================


-------------------------------------------------------------------------------------------------------------------------
|  Phase                        |  #Cells created  |  #Cells Removed  |  #Constrained objects preventing optimizations  |
-------------------------------------------------------------------------------------------------------------------------
|  Retarget                     |               6  |              43  |                                             66  |
|  Constant propagation         |               0  |              16  |                                             49  |
|  Sweep                        |               1  |              46  |                                           1631  |
|  BUFG optimization            |               0  |               0  |                                              0  |
|  Shift Register Optimization  |               0  |               0  |                                              0  |
|  Post Processing Netlist      |               0  |               0  |                                             57  |
-------------------------------------------------------------------------------------------------------------------------


Ending Logic Optimization Task | Checksum: 12c54e859

Time (s): cpu = 00:00:04 ; elapsed = 00:00:18 . Memory (MB): peak = 2180.500 ; gain = 21.309

Starting Power Optimization Task
INFO: [Pwropt 34-132] Skipping clock gating for clocks with a period < 2.00 ns.
INFO: [Timing 38-35] Done setting XDC timing constraints.
Running Vector-less Activity Propagation...
INFO: [Pwropt 34-9] Applying IDT optimizations ...
INFO: [Pwropt 34-10] Applying ODC optimizations ...

Finished Running Vector-less Activity Propagation


Starting PowerOpt Patch Enables Task
INFO: [Pwropt 34-162] WRITE_MODE attribute of 0 BRAM(s) out of a total of 23 has been updated to save power. Run report_power_opt to get a complete listing of the BRAMs updated.
INFO: [Pwropt 34-201] Structural ODC has moved 0 WE to EN ports
Number of BRAM Ports augmented: 23 newly gated: 0 Total Ports: 46
Ending PowerOpt Patch Enables Task | Checksum: 1d53e4042

Time (s): cpu = 00:00:00 ; elapsed = 00:00:00.099 . Memory (MB): peak = 2283.453 ; gain = 0.000
Ending Power Optimization Task | Checksum: 1d53e4042

Time (s): cpu = 00:00:05 ; elapsed = 00:00:02 . Memory (MB): peak = 2283.453 ; gain = 102.953

Starting Final Cleanup Task
Ending Final Cleanup Task | Checksum: 1d53e4042

Time (s): cpu = 00:00:00 ; elapsed = 00:00:00.002 . Memory (MB): peak = 2283.453 ; gain = 0.000

Starting Netlist Obfuscation Task
Netlist sorting complete. Time (s): cpu = 00:00:00 ; elapsed = 00:00:00.010 . Memory (MB): peak = 2283.453 ; gain = 0.000
Ending Netlist Obfuscation Task | Checksum: 1c1b595ed

Time (s): cpu = 00:00:00 ; elapsed = 00:00:00.012 . Memory (MB): peak = 2283.453 ; gain = 0.000
INFO: [Common 17-83] Releasing license: Implementation
49 Infos, 2 Warnings, 2 Critical Warnings and 0 Errors encountered.
opt_design completed successfully
opt_design: Time (s): cpu = 00:00:13 ; elapsed = 00:00:24 . Memory (MB): peak = 2283.453 ; gain = 527.797
INFO: [Vivado 12-24828] Executing command : report_drc -file inter_spartan_drc_opted.rpt -pb inter_spartan_drc_opted.pb -rpx inter_spartan_drc_opted.rpx
Command: report_drc -file inter_spartan_drc_opted.rpt -pb inter_spartan_drc_opted.pb -rpx inter_spartan_drc_opted.rpx
INFO: [IP_Flow 19-1839] IP Catalog is up to date.
INFO: [DRC 23-27] Running DRC with 2 threads
INFO: [Vivado_Tcl 2-168] The results of DRC are in file C:/Users/eleves/Desktop/FINALLLL/FPGA_Emilie_uart_ascon_light_el_test/uart_ascon_light_el.runs/impl_1/inter_spartan_drc_opted.rpt.
report_drc completed successfully
INFO: [Timing 38-35] Done setting XDC timing constraints.
INFO: [Timing 38-480] Writing timing data to binary archive.
Wrote PlaceDB: Time (s): cpu = 00:00:00 ; elapsed = 00:00:00 . Memory (MB): peak = 2283.453 ; gain = 0.000
Wrote PulsedLatchDB: Time (s): cpu = 00:00:00 ; elapsed = 00:00:00.001 . Memory (MB): peak = 2283.453 ; gain = 0.000
Writing XDEF routing.
Writing XDEF routing logical nets.
Write ShapeDB Complete: Time (s): cpu = 00:00:01 ; elapsed = 00:00:00.042 . Memory (MB): peak = 2283.453 ; gain = 0.000
Writing XDEF routing special nets.
Wrote RouteStorage: Time (s): cpu = 00:00:01 ; elapsed = 00:00:00.048 . Memory (MB): peak = 2283.453 ; gain = 0.000
Wrote Netlist Cache: Time (s): cpu = 00:00:00 ; elapsed = 00:00:00 . Memory (MB): peak = 2283.453 ; gain = 0.000
Wrote Device Cache: Time (s): cpu = 00:00:00 ; elapsed = 00:00:00.010 . Memory (MB): peak = 2283.453 ; gain = 0.000
Write Physdb Complete: Time (s): cpu = 00:00:01 ; elapsed = 00:00:00.064 . Memory (MB): peak = 2283.453 ; gain = 0.000
INFO: [Common 17-1381] The checkpoint 'C:/Users/eleves/Desktop/FINALLLL/FPGA_Emilie_uart_ascon_light_el_test/uart_ascon_light_el.runs/impl_1/inter_spartan_opt.dcp' has been generated.
INFO: [Chipscope 16-240] Debug cores have already been implemented
Command: place_design
Attempting to get a license for feature 'Implementation' and/or device 'xc7z020'
INFO: [Common 17-349] Got license for feature 'Implementation' and/or device 'xc7z020'
INFO: [Common 17-83] Releasing license: Implementation
INFO: [DRC 23-27] Running DRC with 2 threads
INFO: [Vivado_Tcl 4-198] DRC finished with 0 Errors
INFO: [Vivado_Tcl 4-199] Please refer to the DRC report (report_drc) for more information.
Running DRC as a precondition to command place_design
INFO: [DRC 23-27] Running DRC with 2 threads
INFO: [Vivado_Tcl 4-198] DRC finished with 0 Errors
INFO: [Vivado_Tcl 4-199] Please refer to the DRC report (report_drc) for more information.
INFO: [Place 30-611] Multithreading enabled for place_design using a maximum of 2 CPUs

Starting Placer Task

Phase 1 Placer Initialization

Phase 1.1 Placer Initialization Netlist Sorting
Netlist sorting complete. Time (s): cpu = 00:00:00 ; elapsed = 00:00:00.005 . Memory (MB): peak = 2283.453 ; gain = 0.000
Phase 1.1 Placer Initialization Netlist Sorting | Checksum: eb12a4df

Time (s): cpu = 00:00:00 ; elapsed = 00:00:00.009 . Memory (MB): peak = 2283.453 ; gain = 0.000
Netlist sorting complete. Time (s): cpu = 00:00:00 ; elapsed = 00:00:00.004 . Memory (MB): peak = 2283.453 ; gain = 0.000

Phase 1.2 IO Placement/ Clock Placement/ Build Placer Device
Phase 1.2 IO Placement/ Clock Placement/ Build Placer Device | Checksum: 1807fd574

Time (s): cpu = 00:00:01 ; elapsed = 00:00:00.923 . Memory (MB): peak = 2283.453 ; gain = 0.000

Phase 1.3 Build Placer Netlist Model
Phase 1.3 Build Placer Netlist Model | Checksum: 20ebbc6fe

Time (s): cpu = 00:00:04 ; elapsed = 00:00:03 . Memory (MB): peak = 2283.453 ; gain = 0.000

Phase 1.4 Constrain Clocks/Macros
Phase 1.4 Constrain Clocks/Macros | Checksum: 20ebbc6fe

Time (s): cpu = 00:00:04 ; elapsed = 00:00:03 . Memory (MB): peak = 2283.453 ; gain = 0.000
Phase 1 Placer Initialization | Checksum: 20ebbc6fe

Time (s): cpu = 00:00:04 ; elapsed = 00:00:03 . Memory (MB): peak = 2283.453 ; gain = 0.000

Phase 2 Global Placement

Phase 2.1 Floorplanning
Phase 2.1 Floorplanning | Checksum: 1a7a53676

Time (s): cpu = 00:00:05 ; elapsed = 00:00:03 . Memory (MB): peak = 2283.453 ; gain = 0.000

Phase 2.2 Update Timing before SLR Path Opt
Phase 2.2 Update Timing before SLR Path Opt | Checksum: 1a9e3db1e

Time (s): cpu = 00:00:06 ; elapsed = 00:00:04 . Memory (MB): peak = 2283.453 ; gain = 0.000

Phase 2.3 Post-Processing in Floorplanning
Phase 2.3 Post-Processing in Floorplanning | Checksum: 1a9e3db1e

Time (s): cpu = 00:00:06 ; elapsed = 00:00:04 . Memory (MB): peak = 2283.453 ; gain = 0.000

Phase 2.4 Global Placement Core

Phase 2.4.1 UpdateTiming Before Physical Synthesis
Phase 2.4.1 UpdateTiming Before Physical Synthesis | Checksum: 1a3e9c48c

Time (s): cpu = 00:00:12 ; elapsed = 00:00:07 . Memory (MB): peak = 2283.453 ; gain = 0.000

Phase 2.4.2 Physical Synthesis In Placer
INFO: [Physopt 32-1035] Found 0 LUTNM shape to break, 125 LUT instances to create LUTNM shape
INFO: [Physopt 32-1044] Break lutnm for timing: one critical 0, two critical 0, total 0, new lutff created 0
INFO: [Physopt 32-1138] End 1 Pass. Optimized 57 nets or LUTs. Breaked 0 LUT, combined 57 existing LUTs and moved 0 existing LUT
INFO: [Physopt 32-65] No nets found for high-fanout optimization.
INFO: [Physopt 32-232] Optimized 0 net. Created 0 new instance.
INFO: [Physopt 32-775] End 1 Pass. Optimized 0 net or cell. Created 0 new cell, deleted 0 existing cell and moved 0 existing cell
INFO: [Physopt 32-670] No setup violation found.  DSP Register Optimization was not performed.
INFO: [Physopt 32-670] No setup violation found.  Shift Register to Pipeline Optimization was not performed.
INFO: [Physopt 32-670] No setup violation found.  Shift Register Optimization was not performed.
INFO: [Physopt 32-670] No setup violation found.  BRAM Register Optimization was not performed.
INFO: [Physopt 32-670] No setup violation found.  URAM Register Optimization was not performed.
INFO: [Physopt 32-949] No candidate nets found for dynamic/static region interface net replication
INFO: [Physopt 32-775] End 1 Pass. Optimized 0 net or cell. Created 0 new cell, deleted 0 existing cell and moved 0 existing cell
Netlist sorting complete. Time (s): cpu = 00:00:00 ; elapsed = 00:00:00.005 . Memory (MB): peak = 2283.453 ; gain = 0.000

Summary of Physical Synthesis Optimizations
============================================


-----------------------------------------------------------------------------------------------------------------------------------------------------------
|  Optimization                                     |  Added Cells  |  Removed Cells  |  Optimized Cells/Nets  |  Dont Touch  |  Iterations  |  Elapsed   |
-----------------------------------------------------------------------------------------------------------------------------------------------------------
|  LUT Combining                                    |            0  |             57  |                    57  |           0  |           1  |  00:00:00  |
|  Retime                                           |            0  |              0  |                     0  |           0  |           1  |  00:00:00  |
|  Very High Fanout                                 |            0  |              0  |                     0  |           0  |           1  |  00:00:00  |
|  DSP Register                                     |            0  |              0  |                     0  |           0  |           0  |  00:00:00  |
|  Shift Register to Pipeline                       |            0  |              0  |                     0  |           0  |           0  |  00:00:00  |
|  Shift Register                                   |            0  |              0  |                     0  |           0  |           0  |  00:00:00  |
|  BRAM Register                                    |            0  |              0  |                     0  |           0  |           0  |  00:00:00  |
|  URAM Register                                    |            0  |              0  |                     0  |           0  |           0  |  00:00:00  |
|  Dynamic/Static Region Interface Net Replication  |            0  |              0  |                     0  |           0  |           1  |  00:00:00  |
|  Total                                            |            0  |             57  |                    57  |           0  |           4  |  00:00:00  |
-----------------------------------------------------------------------------------------------------------------------------------------------------------


Phase 2.4.2 Physical Synthesis In Placer | Checksum: 173a898c1

Time (s): cpu = 00:00:13 ; elapsed = 00:00:08 . Memory (MB): peak = 2283.453 ; gain = 0.000
Phase 2.4 Global Placement Core | Checksum: 1651836f9

Time (s): cpu = 00:00:14 ; elapsed = 00:00:08 . Memory (MB): peak = 2283.453 ; gain = 0.000
Phase 2 Global Placement | Checksum: 1651836f9

Time (s): cpu = 00:00:14 ; elapsed = 00:00:08 . Memory (MB): peak = 2283.453 ; gain = 0.000

Phase 3 Detail Placement

Phase 3.1 Commit Multi Column Macros
Phase 3.1 Commit Multi Column Macros | Checksum: 198cf7b10

Time (s): cpu = 00:00:15 ; elapsed = 00:00:08 . Memory (MB): peak = 2283.453 ; gain = 0.000

Phase 3.2 Commit Most Macros & LUTRAMs
Phase 3.2 Commit Most Macros & LUTRAMs | Checksum: 216550efe

Time (s): cpu = 00:00:16 ; elapsed = 00:00:09 . Memory (MB): peak = 2283.453 ; gain = 0.000

Phase 3.3 Area Swap Optimization
Phase 3.3 Area Swap Optimization | Checksum: 14cf4ad07

Time (s): cpu = 00:00:16 ; elapsed = 00:00:09 . Memory (MB): peak = 2283.453 ; gain = 0.000

Phase 3.4 Pipeline Register Optimization
Phase 3.4 Pipeline Register Optimization | Checksum: 1687e16a3

Time (s): cpu = 00:00:16 ; elapsed = 00:00:09 . Memory (MB): peak = 2283.453 ; gain = 0.000

Phase 3.5 Small Shape Detail Placement
Phase 3.5 Small Shape Detail Placement | Checksum: 1d517732c

Time (s): cpu = 00:00:18 ; elapsed = 00:00:12 . Memory (MB): peak = 2283.453 ; gain = 0.000

Phase 3.6 Re-assign LUT pins
Phase 3.6 Re-assign LUT pins | Checksum: 170db0aaa

Time (s): cpu = 00:00:19 ; elapsed = 00:00:12 . Memory (MB): peak = 2283.453 ; gain = 0.000

Phase 3.7 Pipeline Register Optimization
Phase 3.7 Pipeline Register Optimization | Checksum: 1a3169828

Time (s): cpu = 00:00:19 ; elapsed = 00:00:12 . Memory (MB): peak = 2283.453 ; gain = 0.000
Phase 3 Detail Placement | Checksum: 1a3169828

Time (s): cpu = 00:00:19 ; elapsed = 00:00:12 . Memory (MB): peak = 2283.453 ; gain = 0.000

Phase 4 Post Placement Optimization and Clean-Up

Phase 4.1 Post Commit Optimization
INFO: [Timing 38-35] Done setting XDC timing constraints.

Phase 4.1.1 Post Placement Optimization
Post Placement Optimization Initialization | Checksum: 1ce26bfe5

Phase 4.1.1.1 BUFG Insertion

Starting Physical Synthesis Task

Phase 1 Physical Synthesis Initialization
INFO: [Physopt 32-721] Multithreading enabled for phys_opt_design using a maximum of 2 CPUs
INFO: [Physopt 32-619] Estimated Timing Summary | WNS=8.403 | TNS=0.000 |
Phase 1 Physical Synthesis Initialization | Checksum: 2490e1c83

Time (s): cpu = 00:00:01 ; elapsed = 00:00:00.440 . Memory (MB): peak = 2283.453 ; gain = 0.000
INFO: [Place 46-33] Processed net ascon_top_0/u_fsm/init_cipher_valid_o, BUFG insertion was skipped due to placement/routing conflicts.
INFO: [Place 46-33] Processed net fsm_uart_0/en_cipher_s, BUFG insertion was skipped due to placement/routing conflicts.
INFO: [Place 46-33] Processed net fsm_uart_0/en_wave_s, BUFG insertion was skipped due to placement/routing conflicts.
INFO: [Place 46-56] BUFG insertion identified 3 candidate nets. Inserted BUFG: 0, Replicated BUFG Driver: 0, Skipped due to Placement/Routing Conflicts: 3, Skipped due to Timing Degradation: 0, Skipped due to netlist editing failed: 0.
Ending Physical Synthesis Task | Checksum: 1c0fa29d1

Time (s): cpu = 00:00:01 ; elapsed = 00:00:00.668 . Memory (MB): peak = 2283.453 ; gain = 0.000
Phase 4.1.1.1 BUFG Insertion | Checksum: 1ce26bfe5

Time (s): cpu = 00:00:23 ; elapsed = 00:00:15 . Memory (MB): peak = 2283.453 ; gain = 0.000

Phase 4.1.1.2 Post Placement Timing Optimization
INFO: [Place 30-746] Post Placement Timing Summary WNS=8.403. For the most accurate timing information please run report_timing.
Phase 4.1.1.2 Post Placement Timing Optimization | Checksum: f56889cb

Time (s): cpu = 00:00:23 ; elapsed = 00:00:15 . Memory (MB): peak = 2283.453 ; gain = 0.000

Time (s): cpu = 00:00:23 ; elapsed = 00:00:15 . Memory (MB): peak = 2283.453 ; gain = 0.000
Phase 4.1 Post Commit Optimization | Checksum: f56889cb

Time (s): cpu = 00:00:23 ; elapsed = 00:00:15 . Memory (MB): peak = 2283.453 ; gain = 0.000

Phase 4.2 Post Placement Cleanup
Phase 4.2 Post Placement Cleanup | Checksum: f56889cb

Time (s): cpu = 00:00:23 ; elapsed = 00:00:15 . Memory (MB): peak = 2283.453 ; gain = 0.000

Phase 4.3 Placer Reporting

Phase 4.3.1 Print Estimated Congestion
INFO: [Place 30-612] Post-Placement Estimated Congestion 
 ____________________________________________________
|           | Global Congestion | Short Congestion  |
| Direction | Region Size       | Region Size       |
|___________|___________________|___________________|
|      North|                1x1|                4x4|
|___________|___________________|___________________|
|      South|                1x1|                8x8|
|___________|___________________|___________________|
|       East|                1x1|                1x1|
|___________|___________________|___________________|
|       West|                1x1|                4x4|
|___________|___________________|___________________|

Phase 4.3.1 Print Estimated Congestion | Checksum: f56889cb

Time (s): cpu = 00:00:23 ; elapsed = 00:00:15 . Memory (MB): peak = 2283.453 ; gain = 0.000
Phase 4.3 Placer Reporting | Checksum: f56889cb

Time (s): cpu = 00:00:23 ; elapsed = 00:00:15 . Memory (MB): peak = 2283.453 ; gain = 0.000

Phase 4.4 Final Placement Cleanup
Netlist sorting complete. Time (s): cpu = 00:00:00 ; elapsed = 00:00:00.006 . Memory (MB): peak = 2283.453 ; gain = 0.000

Time (s): cpu = 00:00:23 ; elapsed = 00:00:15 . Memory (MB): peak = 2283.453 ; gain = 0.000
Phase 4 Post Placement Optimization and Clean-Up | Checksum: 1431bb449

Time (s): cpu = 00:00:23 ; elapsed = 00:00:15 . Memory (MB): peak = 2283.453 ; gain = 0.000
Ending Placer Task | Checksum: 1380a6341

Time (s): cpu = 00:00:24 ; elapsed = 00:00:15 . Memory (MB): peak = 2283.453 ; gain = 0.000
88 Infos, 2 Warnings, 2 Critical Warnings and 0 Errors encountered.
place_design completed successfully
place_design: Time (s): cpu = 00:00:26 ; elapsed = 00:00:17 . Memory (MB): peak = 2283.453 ; gain = 0.000
INFO: [Vivado 12-24838] Running report commands "report_control_sets, report_io, report_utilization" in parallel.
Running report generation with 2 threads.
INFO: [Vivado 12-24828] Executing command : report_io -file inter_spartan_io_placed.rpt
report_io: Time (s): cpu = 00:00:00 ; elapsed = 00:00:00.041 . Memory (MB): peak = 2283.453 ; gain = 0.000
INFO: [Vivado 12-24828] Executing command : report_control_sets -verbose -file inter_spartan_control_sets_placed.rpt
report_control_sets: Time (s): cpu = 00:00:00 ; elapsed = 00:00:00.034 . Memory (MB): peak = 2283.453 ; gain = 0.000
INFO: [Vivado 12-24828] Executing command : report_utilization -file inter_spartan_utilization_placed.rpt -pb inter_spartan_utilization_placed.pb
INFO: [Timing 38-480] Writing timing data to binary archive.
Write ShapeDB Complete: Time (s): cpu = 00:00:00 ; elapsed = 00:00:00.061 . Memory (MB): peak = 2283.453 ; gain = 0.000
Wrote PlaceDB: Time (s): cpu = 00:00:02 ; elapsed = 00:00:00.679 . Memory (MB): peak = 2283.453 ; gain = 0.000
Wrote PulsedLatchDB: Time (s): cpu = 00:00:00 ; elapsed = 00:00:00 . Memory (MB): peak = 2283.453 ; gain = 0.000
Writing XDEF routing.
Writing XDEF routing logical nets.
Writing XDEF routing special nets.
Wrote RouteStorage: Time (s): cpu = 00:00:00 ; elapsed = 00:00:00.029 . Memory (MB): peak = 2283.453 ; gain = 0.000
Wrote Netlist Cache: Time (s): cpu = 00:00:00 ; elapsed = 00:00:00.018 . Memory (MB): peak = 2283.453 ; gain = 0.000
Wrote Device Cache: Time (s): cpu = 00:00:00 ; elapsed = 00:00:00.006 . Memory (MB): peak = 2283.453 ; gain = 0.000
Write Physdb Complete: Time (s): cpu = 00:00:02 ; elapsed = 00:00:00.741 . Memory (MB): peak = 2283.453 ; gain = 0.000
INFO: [Common 17-1381] The checkpoint 'C:/Users/eleves/Desktop/FINALLLL/FPGA_Emilie_uart_ascon_light_el_test/uart_ascon_light_el.runs/impl_1/inter_spartan_placed.dcp' has been generated.
Command: phys_opt_design
Attempting to get a license for feature 'Implementation' and/or device 'xc7z020'
INFO: [Common 17-349] Got license for feature 'Implementation' and/or device 'xc7z020'

Starting Initial Update Timing Task

Time (s): cpu = 00:00:02 ; elapsed = 00:00:01 . Memory (MB): peak = 2283.453 ; gain = 0.000
INFO: [Vivado_Tcl 4-2279] Estimated Timing Summary | WNS= 8.403 | TNS= 0.000 | 
INFO: [Vivado_Tcl 4-383] Design worst setup slack (WNS) is greater than or equal to 0.000 ns. All physical synthesis setup optimizations will be skipped.
INFO: [Vivado_Tcl 4-232] No setup violation found. The netlist was not modified.
INFO: [Common 17-83] Releasing license: Implementation
99 Infos, 2 Warnings, 2 Critical Warnings and 0 Errors encountered.
phys_opt_design completed successfully
INFO: [Timing 38-480] Writing timing data to binary archive.
Write ShapeDB Complete: Time (s): cpu = 00:00:00 ; elapsed = 00:00:00.063 . Memory (MB): peak = 2303.637 ; gain = 19.465
Wrote PlaceDB: Time (s): cpu = 00:00:02 ; elapsed = 00:00:00.682 . Memory (MB): peak = 2307.645 ; gain = 23.449
Wrote PulsedLatchDB: Time (s): cpu = 00:00:00 ; elapsed = 00:00:00 . Memory (MB): peak = 2307.645 ; gain = 0.000
Writing XDEF routing.
Writing XDEF routing logical nets.
Writing XDEF routing special nets.
Wrote RouteStorage: Time (s): cpu = 00:00:00 ; elapsed = 00:00:00.028 . Memory (MB): peak = 2307.645 ; gain = 0.000
Wrote Netlist Cache: Time (s): cpu = 00:00:00 ; elapsed = 00:00:00.016 . Memory (MB): peak = 2307.645 ; gain = 0.000
Wrote Device Cache: Time (s): cpu = 00:00:00 ; elapsed = 00:00:00.007 . Memory (MB): peak = 2307.645 ; gain = 0.000
Write Physdb Complete: Time (s): cpu = 00:00:02 ; elapsed = 00:00:00.742 . Memory (MB): peak = 2307.645 ; gain = 23.449
INFO: [Common 17-1381] The checkpoint 'C:/Users/eleves/Desktop/FINALLLL/FPGA_Emilie_uart_ascon_light_el_test/uart_ascon_light_el.runs/impl_1/inter_spartan_physopt.dcp' has been generated.
Command: route_design
Attempting to get a license for feature 'Implementation' and/or device 'xc7z020'
INFO: [Common 17-349] Got license for feature 'Implementation' and/or device 'xc7z020'
Running DRC as a precondition to command route_design
INFO: [DRC 23-27] Running DRC with 2 threads
INFO: [Vivado_Tcl 4-198] DRC finished with 0 Errors
INFO: [Vivado_Tcl 4-199] Please refer to the DRC report (report_drc) for more information.


Starting Routing Task
INFO: [Route 35-254] Multithreading enabled for route_design using a maximum of 8 CPUs

Phase 1 Build RT Design
Checksum: PlaceDB: 45c22180 ConstDB: 0 ShapeSum: dc4eced1 RouteDB: 15f972f0
Post Restoration Checksum: NetGraph: 92ae5aa1 | NumContArr: d49d750e | Constraints: c2a8fa9d | Timing: c2a8fa9d
Phase 1 Build RT Design | Checksum: 2ec9dc4e9

Time (s): cpu = 00:00:19 ; elapsed = 00:00:15 . Memory (MB): peak = 2440.969 ; gain = 120.324

Phase 2 Router Initialization

Phase 2.1 Fix Topology Constraints
Phase 2.1 Fix Topology Constraints | Checksum: 2ec9dc4e9

Time (s): cpu = 00:00:19 ; elapsed = 00:00:15 . Memory (MB): peak = 2440.969 ; gain = 120.324

Phase 2.2 Pre Route Cleanup
Phase 2.2 Pre Route Cleanup | Checksum: 2ec9dc4e9

Time (s): cpu = 00:00:19 ; elapsed = 00:00:15 . Memory (MB): peak = 2440.969 ; gain = 120.324
 Number of Nodes with overlaps = 0

Phase 2.3 Update Timing
Phase 2.3 Update Timing | Checksum: 29a997355

Time (s): cpu = 00:00:23 ; elapsed = 00:00:18 . Memory (MB): peak = 2473.930 ; gain = 153.285
INFO: [Route 35-416] Intermediate Timing Summary | WNS=8.610  | TNS=0.000  | WHS=-0.205 | THS=-219.584|


Phase 2.4 Update Timing for Bus Skew

Phase 2.4.1 Update Timing
Phase 2.4.1 Update Timing | Checksum: 2eeaf1243

Time (s): cpu = 00:00:25 ; elapsed = 00:00:19 . Memory (MB): peak = 2473.930 ; gain = 153.285
INFO: [Route 35-416] Intermediate Timing Summary | WNS=8.610  | TNS=0.000  | WHS=-0.181 | THS=-7.401 |

Phase 2.4 Update Timing for Bus Skew | Checksum: 24f56e26c

Time (s): cpu = 00:00:25 ; elapsed = 00:00:19 . Memory (MB): peak = 2479.090 ; gain = 158.445

Router Utilization Summary
  Global Vertical Routing Utilization    = 0 %
  Global Horizontal Routing Utilization  = 0 %
  Routable Net Status*
  *Does not include unroutable nets such as driverless and loadless.
  Run report_route_status for detailed report.
  Number of Failed Nets               = 14237
    (Failed Nets is the sum of unrouted and partially routed nets)
  Number of Unrouted Nets             = 14237
  Number of Partially Routed Nets     = 0
  Number of Node Overlaps             = 0

Phase 2 Router Initialization | Checksum: 24bbec4ae

Time (s): cpu = 00:00:26 ; elapsed = 00:00:19 . Memory (MB): peak = 2517.559 ; gain = 196.914

Phase 3 Global Routing
Phase 3 Global Routing | Checksum: 24bbec4ae

Time (s): cpu = 00:00:26 ; elapsed = 00:00:19 . Memory (MB): peak = 2517.559 ; gain = 196.914

Phase 4 Initial Routing

Phase 4.1 Initial Net Routing Pass
Phase 4.1 Initial Net Routing Pass | Checksum: 1dde1d8a4

Time (s): cpu = 00:00:29 ; elapsed = 00:00:20 . Memory (MB): peak = 2517.559 ; gain = 196.914
Phase 4 Initial Routing | Checksum: 1dde1d8a4

Time (s): cpu = 00:00:29 ; elapsed = 00:00:20 . Memory (MB): peak = 2517.559 ; gain = 196.914

Phase 5 Rip-up And Reroute

Phase 5.1 Global Iteration 0
 Number of Nodes with overlaps = 973
 Number of Nodes with overlaps = 90
 Number of Nodes with overlaps = 2
 Number of Nodes with overlaps = 0
INFO: [Route 35-416] Intermediate Timing Summary | WNS=7.619  | TNS=0.000  | WHS=N/A    | THS=N/A    |

Phase 5.1 Global Iteration 0 | Checksum: 2a52ba8e3

Time (s): cpu = 00:00:34 ; elapsed = 00:00:22 . Memory (MB): peak = 2517.559 ; gain = 196.914

Phase 5.2 Global Iteration 1
 Number of Nodes with overlaps = 0
INFO: [Route 35-416] Intermediate Timing Summary | WNS=7.619  | TNS=0.000  | WHS=N/A    | THS=N/A    |

Phase 5.2 Global Iteration 1 | Checksum: 1c6ef8d34

Time (s): cpu = 00:00:35 ; elapsed = 00:00:23 . Memory (MB): peak = 2517.559 ; gain = 196.914
Phase 5 Rip-up And Reroute | Checksum: 1c6ef8d34

Time (s): cpu = 00:00:35 ; elapsed = 00:00:23 . Memory (MB): peak = 2517.559 ; gain = 196.914

Phase 6 Delay and Skew Optimization

Phase 6.1 Delay CleanUp
Phase 6.1 Delay CleanUp | Checksum: 1c6ef8d34

Time (s): cpu = 00:00:35 ; elapsed = 00:00:23 . Memory (MB): peak = 2517.559 ; gain = 196.914

Phase 6.2 Clock Skew Optimization
Phase 6.2 Clock Skew Optimization | Checksum: 1c6ef8d34

Time (s): cpu = 00:00:35 ; elapsed = 00:00:23 . Memory (MB): peak = 2517.559 ; gain = 196.914
Phase 6 Delay and Skew Optimization | Checksum: 1c6ef8d34

Time (s): cpu = 00:00:35 ; elapsed = 00:00:23 . Memory (MB): peak = 2517.559 ; gain = 196.914

Phase 7 Post Hold Fix

Phase 7.1 Hold Fix Iter
INFO: [Route 35-416] Intermediate Timing Summary | WNS=7.619  | TNS=0.000  | WHS=0.020  | THS=0.000  |

Phase 7.1 Hold Fix Iter | Checksum: 209452387

Time (s): cpu = 00:00:36 ; elapsed = 00:00:23 . Memory (MB): peak = 2517.559 ; gain = 196.914
Phase 7 Post Hold Fix | Checksum: 209452387

Time (s): cpu = 00:00:36 ; elapsed = 00:00:23 . Memory (MB): peak = 2517.559 ; gain = 196.914

Phase 8 Route finalize

Router Utilization Summary
  Global Vertical Routing Utilization    = 2.59936 %
  Global Horizontal Routing Utilization  = 3.14207 %
  Routable Net Status*
  *Does not include unroutable nets such as driverless and loadless.
  Run report_route_status for detailed report.
  Number of Failed Nets               = 0
    (Failed Nets is the sum of unrouted and partially routed nets)
  Number of Unrouted Nets             = 0
  Number of Partially Routed Nets     = 0
  Number of Node Overlaps             = 0

Phase 8 Route finalize | Checksum: 209452387

Time (s): cpu = 00:00:36 ; elapsed = 00:00:23 . Memory (MB): peak = 2517.559 ; gain = 196.914

Phase 9 Verifying routed nets

 Verification completed successfully
Phase 9 Verifying routed nets | Checksum: 209452387

Time (s): cpu = 00:00:36 ; elapsed = 00:00:23 . Memory (MB): peak = 2517.559 ; gain = 196.914

Phase 10 Depositing Routes
Phase 10 Depositing Routes | Checksum: 263df7438

Time (s): cpu = 00:00:37 ; elapsed = 00:00:24 . Memory (MB): peak = 2517.559 ; gain = 196.914

Phase 11 Post Process Routing
Phase 11 Post Process Routing | Checksum: 263df7438

Time (s): cpu = 00:00:37 ; elapsed = 00:00:24 . Memory (MB): peak = 2517.559 ; gain = 196.914

Phase 12 Post Router Timing
INFO: [Route 35-57] Estimated Timing Summary | WNS=7.619  | TNS=0.000  | WHS=0.020  | THS=0.000  |

INFO: [Route 35-327] The final timing numbers are based on the router estimated timing analysis. For a complete and accurate timing signoff, please run report_timing_summary.
Phase 12 Post Router Timing | Checksum: 263df7438

Time (s): cpu = 00:00:37 ; elapsed = 00:00:24 . Memory (MB): peak = 2517.559 ; gain = 196.914
Total Elapsed time in route_design: 23.693 secs

Phase 13 Post-Route Event Processing
Phase 13 Post-Route Event Processing | Checksum: 22656ecda

Time (s): cpu = 00:00:37 ; elapsed = 00:00:24 . Memory (MB): peak = 2517.559 ; gain = 196.914
INFO: [Route 35-16] Router Completed Successfully
Ending Routing Task | Checksum: 22656ecda

Time (s): cpu = 00:00:37 ; elapsed = 00:00:24 . Memory (MB): peak = 2517.559 ; gain = 196.914

Routing Is Done.
INFO: [Common 17-83] Releasing license: Implementation
115 Infos, 2 Warnings, 2 Critical Warnings and 0 Errors encountered.
route_design completed successfully
route_design: Time (s): cpu = 00:00:39 ; elapsed = 00:00:25 . Memory (MB): peak = 2517.559 ; gain = 209.914
INFO: [Vivado 12-24828] Executing command : report_drc -file inter_spartan_drc_routed.rpt -pb inter_spartan_drc_routed.pb -rpx inter_spartan_drc_routed.rpx
Command: report_drc -file inter_spartan_drc_routed.rpt -pb inter_spartan_drc_routed.pb -rpx inter_spartan_drc_routed.rpx
INFO: [IP_Flow 19-1839] IP Catalog is up to date.
INFO: [DRC 23-27] Running DRC with 2 threads
INFO: [Vivado_Tcl 2-168] The results of DRC are in file C:/Users/eleves/Desktop/FINALLLL/FPGA_Emilie_uart_ascon_light_el_test/uart_ascon_light_el.runs/impl_1/inter_spartan_drc_routed.rpt.
report_drc completed successfully
INFO: [Vivado 12-24828] Executing command : report_methodology -file inter_spartan_methodology_drc_routed.rpt -pb inter_spartan_methodology_drc_routed.pb -rpx inter_spartan_methodology_drc_routed.rpx
Command: report_methodology -file inter_spartan_methodology_drc_routed.rpt -pb inter_spartan_methodology_drc_routed.pb -rpx inter_spartan_methodology_drc_routed.rpx
INFO: [Timing 38-35] Done setting XDC timing constraints.
INFO: [DRC 23-133] Running Methodology with 2 threads
INFO: [Vivado_Tcl 2-1520] The results of Report Methodology are in file C:/Users/eleves/Desktop/FINALLLL/FPGA_Emilie_uart_ascon_light_el_test/uart_ascon_light_el.runs/impl_1/inter_spartan_methodology_drc_routed.rpt.
report_methodology completed successfully
INFO: [Vivado 12-24828] Executing command : report_timing_summary -max_paths 10 -report_unconstrained -file inter_spartan_timing_summary_routed.rpt -pb inter_spartan_timing_summary_routed.pb -rpx inter_spartan_timing_summary_routed.rpx -warn_on_violation 
INFO: [Timing 38-35] Done setting XDC timing constraints.
INFO: [Timing 38-91] UpdateTimingParams: Speed grade: -1, Delay Type: min_max.
INFO: [Timing 38-191] Multithreading enabled for timing update using a maximum of 2 CPUs
WARNING: [Timing 38-436] There are set_bus_skew constraint(s) in this design. Please run report_bus_skew to ensure that bus skew requirements are met.
INFO: [Vivado 12-24838] Running report commands "report_incremental_reuse, report_route_status" in parallel.
Running report generation with 2 threads.
INFO: [Vivado 12-24828] Executing command : report_incremental_reuse -file inter_spartan_incremental_reuse_routed.rpt
INFO: [Vivado_Tcl 4-1062] Incremental flow is disabled. No incremental reuse Info to report.
INFO: [Vivado 12-24828] Executing command : report_route_status -file inter_spartan_route_status.rpt -pb inter_spartan_route_status.pb
INFO: [Vivado 12-24828] Executing command : report_power -file inter_spartan_power_routed.rpt -pb inter_spartan_power_summary_routed.pb -rpx inter_spartan_power_routed.rpx
Command: report_power -file inter_spartan_power_routed.rpt -pb inter_spartan_power_summary_routed.pb -rpx inter_spartan_power_routed.rpx
Running Vector-less Activity Propagation...

Finished Running Vector-less Activity Propagation
132 Infos, 3 Warnings, 2 Critical Warnings and 0 Errors encountered.
report_power completed successfully
INFO: [Vivado 12-24828] Executing command : report_clock_utilization -file inter_spartan_clock_utilization_routed.rpt
WARNING: [Device 21-9320] Failed to find the Oracle tile group with name 'HSR_BOUNDARY_TOP'. This is required for Clock regions and Virtual grid.
WARNING: [Device 21-2174] Failed to initialize Virtual grid.
INFO: [Vivado 12-24828] Executing command : report_bus_skew -warn_on_violation -file inter_spartan_bus_skew_routed.rpt -pb inter_spartan_bus_skew_routed.pb -rpx inter_spartan_bus_skew_routed.rpx
INFO: [Timing 38-91] UpdateTimingParams: Speed grade: -1, Delay Type: min_max.
INFO: [Timing 38-191] Multithreading enabled for timing update using a maximum of 2 CPUs
generate_parallel_reports: Time (s): cpu = 00:00:16 ; elapsed = 00:00:09 . Memory (MB): peak = 2533.074 ; gain = 15.516
INFO: [Timing 38-480] Writing timing data to binary archive.
Write ShapeDB Complete: Time (s): cpu = 00:00:01 ; elapsed = 00:00:00.064 . Memory (MB): peak = 2564.762 ; gain = 15.176
Wrote PlaceDB: Time (s): cpu = 00:00:02 ; elapsed = 00:00:00.685 . Memory (MB): peak = 2568.004 ; gain = 18.418
Wrote PulsedLatchDB: Time (s): cpu = 00:00:00 ; elapsed = 00:00:00 . Memory (MB): peak = 2568.004 ; gain = 0.000
Writing XDEF routing.
Writing XDEF routing logical nets.
Writing XDEF routing special nets.
Wrote RouteStorage: Time (s): cpu = 00:00:01 ; elapsed = 00:00:00.108 . Memory (MB): peak = 2568.004 ; gain = 0.000
Wrote Netlist Cache: Time (s): cpu = 00:00:00 ; elapsed = 00:00:00.018 . Memory (MB): peak = 2568.004 ; gain = 0.000
Wrote Device Cache: Time (s): cpu = 00:00:00 ; elapsed = 00:00:00.007 . Memory (MB): peak = 2568.004 ; gain = 0.000
Write Physdb Complete: Time (s): cpu = 00:00:03 ; elapsed = 00:00:00.827 . Memory (MB): peak = 2568.004 ; gain = 18.418
INFO: [Common 17-1381] The checkpoint 'C:/Users/eleves/Desktop/FINALLLL/FPGA_Emilie_uart_ascon_light_el_test/uart_ascon_light_el.runs/impl_1/inter_spartan_routed.dcp' has been generated.
Command: write_bitstream -force inter_spartan.bit
Attempting to get a license for feature 'Implementation' and/or device 'xc7z020'
INFO: [Common 17-349] Got license for feature 'Implementation' and/or device 'xc7z020'
Running DRC as a precondition to command write_bitstream
INFO: [IP_Flow 19-1839] IP Catalog is up to date.
INFO: [DRC 23-27] Running DRC with 2 threads
WARNING: [DRC PDCN-1569] LUT equation term check: Used physical LUT pin 'A1' of cell dbg_hub/inst/BSCANID.u_xsdbm_id/SWITCH_N_EXT_BSCAN.bscan_switch/temp_curid[31]_i_1 (pin dbg_hub/inst/BSCANID.u_xsdbm_id/SWITCH_N_EXT_BSCAN.bscan_switch/temp_curid[31]_i_1/I1) is not included in the LUT equation: 'O5=(A3*A5)+(A3*(~A5)*(~A4))+((~A3))'. If this cell is a user instantiated LUT in the design, please remove connectivity to the pin or change the equation and/or INIT string of the LUT to prevent this issue. If the cell is inferred or IP created LUT, please regenerate the IP and/or resynthesize the design to attempt to correct the issue.
WARNING: [DRC PDCN-1569] LUT equation term check: Used physical LUT pin 'A2' of cell dbg_hub/inst/BSCANID.u_xsdbm_id/SWITCH_N_EXT_BSCAN.bscan_switch/temp_curid[31]_i_1 (pin dbg_hub/inst/BSCANID.u_xsdbm_id/SWITCH_N_EXT_BSCAN.bscan_switch/temp_curid[31]_i_1/I0) is not included in the LUT equation: 'O5=(A3*A5)+(A3*(~A5)*(~A4))+((~A3))'. If this cell is a user instantiated LUT in the design, please remove connectivity to the pin or change the equation and/or INIT string of the LUT to prevent this issue. If the cell is inferred or IP created LUT, please regenerate the IP and/or resynthesize the design to attempt to correct the issue.
WARNING: [DRC PDCN-1569] LUT equation term check: Used physical LUT pin 'A5' of cell dbg_hub/inst/BSCANID.u_xsdbm_id/SWITCH_N_EXT_BSCAN.id_state[0]_i_1 (pin dbg_hub/inst/BSCANID.u_xsdbm_id/SWITCH_N_EXT_BSCAN.id_state[0]_i_1/I0) is not included in the LUT equation: 'O6=(A6+~A6)*((A2))'. If this cell is a user instantiated LUT in the design, please remove connectivity to the pin or change the equation and/or INIT string of the LUT to prevent this issue. If the cell is inferred or IP created LUT, please regenerate the IP and/or resynthesize the design to attempt to correct the issue.
WARNING: [DRC RTSTAT-10] No routable loads: 25 net(s) have no routable loads. The problem bus(es) and/or net(s) are dbg_hub/inst/BSCANID.u_xsdbm_id/SWITCH_N_EXT_BSCAN.bscan_inst/TMS, dbg_hub/inst/BSCANID.u_xsdbm_id/CORE_XSDB.UUT_MASTER/U_ICON_INTERFACE/U_CMD6_RD/U_RD_FIFO/SUBCORE_FIFO.xsdbm_v3_0_2_rdfifo_inst/inst_fifo_gen/gconvfifo.rf/grf.rf/gntv_or_sync_fifo.gl0.rd/gr1.gr1_int.rfwft/aempty_fwft_i, dbg_hub/inst/BSCANID.u_xsdbm_id/CORE_XSDB.UUT_MASTER/U_ICON_INTERFACE/U_CMD7_CTL/ctl_reg[2:0], dbg_hub/inst/BSCANID.u_xsdbm_id/CORE_XSDB.UUT_MASTER/U_ICON_INTERFACE/U_CMD1/ctl_reg_en_2[1], dbg_hub/inst/BSCANID.u_xsdbm_id/CORE_XSDB.UUT_MASTER/U_ICON_INTERFACE/U_CMD7_CTL/ctl_reg_en_2[1], dbg_hub/inst/BSCANID.u_xsdbm_id/SWITCH_N_EXT_BSCAN.bscan_switch/m_bscan_capture[0], dbg_hub/inst/BSCANID.u_xsdbm_id/SWITCH_N_EXT_BSCAN.bscan_switch/m_bscan_drck[0], dbg_hub/inst/BSCANID.u_xsdbm_id/SWITCH_N_EXT_BSCAN.bscan_switch/m_bscan_runtest[0], dbg_hub/inst/BSCANID.u_xsdbm_id/CORE_XSDB.UUT_MASTER/U_ICON_INTERFACE/U_CMD6_WR/U_WR_FIFO/SUBCORE_FIFO.xsdbm_v3_0_2_wrfifo_inst/inst_fifo_gen/gconvfifo.rf/grf.rf/rstblk/ngwrdrst.grst.rd_rst_reg[0], dbg_hub/inst/BSCANID.u_xsdbm_id/CORE_XSDB.UUT_MASTER/U_ICON_INTERFACE/U_CMD6_WR/U_WR_FIFO/SUBCORE_FIFO.xsdbm_v3_0_2_wrfifo_inst/inst_fifo_gen/gconvfifo.rf/grf.rf/rstblk/ngwrdrst.grst.wr_rst_reg[2], dbg_hub/inst/BSCANID.u_xsdbm_id/CORE_XSDB.UUT_MASTER/U_ICON_INTERFACE/U_CMD6_RD/U_RD_FIFO/SUBCORE_FIFO.xsdbm_v3_0_2_rdfifo_inst/inst_fifo_gen/gconvfifo.rf/grf.rf/rstblk/ngwrdrst.grst.wr_rst_reg[2], dbg_hub/inst/BSCANID.u_xsdbm_id/CORE_XSDB.UUT_MASTER/U_ICON_INTERFACE/U_CMD6_WR/U_WR_FIFO/SUBCORE_FIFO.xsdbm_v3_0_2_wrfifo_inst/inst_fifo_gen/gconvfifo.rf/grf.rf/gntv_or_sync_fifo.gl0.wr/gwhf.whf/overflow, dbg_hub/inst/BSCANID.u_xsdbm_id/CORE_XSDB.UUT_MASTER/U_ICON_INTERFACE/U_CMD6_RD/U_RD_FIFO/SUBCORE_FIFO.xsdbm_v3_0_2_rdfifo_inst/inst_fifo_gen/gconvfifo.rf/grf.rf/gntv_or_sync_fifo.gl0.wr/gwhf.whf/overflow, dbg_hub/inst/BSCANID.u_xsdbm_id/CORE_XSDB.UUT_MASTER/U_ICON_INTERFACE/U_CMD6_RD/U_RD_FIFO/SUBCORE_FIFO.xsdbm_v3_0_2_rdfifo_inst/inst_fifo_gen/gconvfifo.rf/grf.rf/gntv_or_sync_fifo.gl0.rd/gras.rsts/ram_empty_i, dbg_hub/inst/BSCANID.u_xsdbm_id/CORE_XSDB.UUT_MASTER/U_ICON_INTERFACE/U_CMD6_WR/U_WR_FIFO/SUBCORE_FIFO.xsdbm_v3_0_2_wrfifo_inst/inst_fifo_gen/gconvfifo.rf/grf.rf/gntv_or_sync_fifo.gl0.wr/gwas.wsts/ram_full_i... and (the first 15 of 23 listed).
WARNING: [DRC ZPS7-1] PS7 block required: The PS7 cell must be used in this Zynq design in order to enable correct default configuration.
INFO: [Vivado 12-3199] DRC finished with 0 Errors, 5 Warnings
INFO: [Vivado 12-3200] Please refer to the DRC report (report_drc) for more information.
INFO: [Designutils 20-2272] Running write_bitstream with 2 threads.
Loading data files...
Loading site data...
Loading route data...
Processing options...
Creating bitmap...
Creating bitstream...
Writing bitstream ./inter_spartan.bit...
INFO: [Vivado 12-1842] Bitgen Completed Successfully.
INFO: [Common 17-83] Releasing license: Implementation
146 Infos, 10 Warnings, 2 Critical Warnings and 0 Errors encountered.
write_bitstream completed successfully
write_bitstream: Time (s): cpu = 00:00:14 ; elapsed = 00:00:10 . Memory (MB): peak = 3013.566 ; gain = 445.562
INFO: [Common 17-206] Exiting Vivado at Mon Mar 24 17:42:36 2025...
