2025-03-25 17:21:24,635 - ECGVisualization - INFO - Logging initialized to logs/ecg_visualization_20250325_172124.log
2025-03-25 17:21:24,636 - ECGVisualization - INFO - Initialized ECG Visualization
2025-03-25 17:21:24,636 - ECGVisualization - INFO - Plotting all ECG waveforms from data/output/decrypted_ecg.csv with scrolling effect and R-peaks
2025-03-25 17:21:24,636 - ECGVisualization - INFO - Applying FIR filter (lowcut=0.5Hz, highcut=45.0Hz, order=101)
2025-03-25 17:21:24,637 - ECGVisualization - WARNING - Reducing filter order to 59 due to signal length
2025-03-25 17:21:24,639 - ECGVisualization - INFO - FIR filtering completed successfully
2025-03-25 17:21:24,639 - ECGVisualization - INFO - Applied FIR filter to waveform
2025-03-25 17:21:24,639 - ECGVisualization - INFO - Detecting R peaks with enhanced precision
2025-03-25 17:21:24,639 - ECGVisualization - INFO - Applying FIR filter (lowcut=8Hz, highcut=20Hz, order=31)
2025-03-25 17:21:24,640 - ECGVisualization - INFO - FIR filtering completed successfully
2025-03-25 17:21:24,642 - ECGVisualization - INFO - Detected 1 validated R-peaks in signal
2025-03-25 17:21:24,642 - ECGVisualization - INFO - Detected 1 R-peaks in waveform
2025-03-25 17:21:24,642 - ECGVisualization - INFO - Loaded 1 ECG waveforms from CSV
2025-03-25 17:21:24,643 - ECGVisualization - INFO - Calculating BPM from R peaks
2025-03-25 17:21:24,643 - ECGVisualization - INFO - Calculated average BPM: 119.3
2025-03-25 17:21:24,643 - ECGVisualization - INFO - BPM for waveform 1 (using 5 consecutive waveforms): 119.3
2025-03-25 17:21:26,640 - ECGVisualization - INFO - Moving to waveform 1
2025-03-25 17:21:26,645 - ECGVisualization - INFO - Restarting from first waveform
2025-03-25 17:21:27,538 - ECGVisualization - INFO - Moving to waveform 1
2025-03-25 17:21:27,538 - ECGVisualization - INFO - Restarting from first waveform
2025-03-25 17:21:28,463 - ECGVisualization - INFO - Moving to waveform 1
2025-03-25 17:21:28,463 - ECGVisualization - INFO - Restarting from first waveform
2025-03-25 17:21:29,363 - ECGVisualization - INFO - Moving to waveform 1
2025-03-25 17:21:29,364 - ECGVisualization - INFO - Restarting from first waveform
2025-03-25 17:21:30,263 - ECGVisualization - INFO - Moving to waveform 1
2025-03-25 17:21:30,263 - ECGVisualization - INFO - Restarting from first waveform
2025-03-25 17:21:31,192 - ECGVisualization - INFO - Moving to waveform 1
2025-03-25 17:21:31,193 - ECGVisualization - INFO - Restarting from first waveform
2025-03-25 17:21:32,089 - ECGVisualization - INFO - Moving to waveform 1
2025-03-25 17:21:32,181 - ECGVisualization - INFO - Restarting from first waveform
2025-03-25 17:21:33,138 - ECGVisualization - INFO - Moving to waveform 1
2025-03-25 17:21:33,138 - ECGVisualization - INFO - Restarting from first waveform
2025-03-25 17:21:34,039 - ECGVisualization - INFO - Moving to waveform 1
2025-03-25 17:21:34,039 - ECGVisualization - INFO - Restarting from first waveform
2025-03-25 17:21:34,939 - ECGVisualization - INFO - Moving to waveform 1
2025-03-25 17:21:34,939 - ECGVisualization - INFO - Restarting from first waveform
